Focused Edge Case Test Results
Date: 2025-07-29 02:06:22
Test User ID: 1
Total Tests: 100
Passed Tests: 83
Success Rate: 83%

=== SQL INJECTION TESTS ===
Test: '; DROP TABLE wp_users; --... - FAILED
Test: ' OR '1'='1... - PASSED
Test: '; INSERT INTO wp_users VALUES... - FAILED
Test: '; UPDATE wp_options SET optio... - FAILED
Test: '; SELECT * FROM wp_users WHER... - FAILED

=== XSS ATTACK TESTS ===
Test: <script>alert("XSS")</script>... - FAILED
Test: <img src="x" onerror="alert('X... - FAILED
Test: <iframe src="javascript:alert(... - FAILED
Test: <svg onload="alert('XSS')"></s... - FAILED
Test: <object data="javascript:alert... - FAILED
Test: <embed src="javascript:alert('... - FAILED
Test: <marquee onstart="alert('XSS')... - PASSED
Test: <body onload="alert('XSS')"></... - FAILED
Test: javascript:alert("XSS")... - FAILED
Test: data:text/html,<script>alert("... - FAILED
Test: vbscript:alert("XSS")... - PASSED
Test: expression(alert("XSS"))... - PASSED

=== UNICODE TESTS ===
Test: ğŸ˜€ğŸ‰ğŸš€ğŸ’¯ğŸ”¥ğŸ’ªğŸ¯âœ... - PASSED
Test: Unicode Test æµ‹è¯• ãƒ†ã‚¹ãƒˆ ... - PASSED
Test: severe ä¸¥é‡ ì‹¬ê°í•œ... - PASSED
Test: constant æŒç»­ ì§€ì†ì ì¸... - PASSED
Test: !@#$%^&*()_+-=[]{}|;:,.<>?... - PASSED
Test: Symptom\0with\0null\0bytes... - PASSED
Test: Category\0with\0null\0bytes... - PASSED
Test: &lt;script&gt;alert("XSS")&lt;... - PASSED
Test: &amp;lt;script&amp;gt;alert("X... - PASSED
Test: &#60;script&#62;alert("XSS")&#... - PASSED
Test: %3Cscript%3Ealert("XSS")%3C/sc... - PASSED

=== BIOMARKER EDGE CASES ===
Test: Empty biomarker name - PASSED
Test: Very long biomarker name - PASSED
Test: Special characters - PASSED
Test: Unicode characters - PASSED
Test: International characters - PASSED
Test: XSS attempt - PASSED
Test: Null bytes - PASSED
Test: HTML entities - PASSED

=== INVALID DATA TESTS ===
Test: Invalid user ID - PASSED
Test: Zero user ID - PASSED
Test: String user ID - FAILED
Test: Null user ID - PASSED
Test: Array user ID - FAILED
Test: Null biomarker - FAILED
Test: Array biomarker - PASSED
Test: Integer biomarker - PASSED
Test: Boolean biomarker - PASSED

=== CONCURRENT ACCESS ===
Concurrent Operations: 50
Successful Operations: 50
Success Rate: 100%

=== MEMORY USAGE ===
Memory Used: 2.00 MB
Storage Success: Yes

=== ERROR RECOVERY ===
Test: Invalid meta key - FAILED
Test: Invalid data type - PASSED
Test: Null data - PASSED
Test: Empty array - PASSED
